<?xml version="1.0" encoding="UTF-8"?>
<!-- Generated by org.testng.reporters.JUnitXMLReporter -->
<testsuite hostname="LAPTOP-BIDICSR9" ignored="0" name="Command line test" tests="6" failures="0" timestamp="16 Aug 2020 10:46:37 GMT" time="0.053" errors="0">
  <testcase name="IOSapps" time="0.008" classname="Mavenproject.AppiumTest"/>
  <testcase name="NativeAppAndroid" time="0.001" classname="Mavenproject.AppiumTest"/>
  <testcase name="deleteTwitter" time="0.0" classname="Mavenproject.RESTAPITest"/>
  <testcase name="postJira" time="0.0" classname="Mavenproject.RESTAPITest"/>
  <testcase name="BrowserAutomation" time="0.001" classname="Mavenproject.SeleniumTest"/>
  <testcase name="elementsUi" time="0.0" classname="Mavenproject.SeleniumTest"/>
</testsuite> <!-- Command line test -->
